app/build/intermediates/manifest_merge_blame_file/debug/manifest-merger-blame-debug-report.txt
1<?xml version="1.0" encoding="utf-8"?>
2<manifest xmlns:android="http://schemas.android.com/apk/res/android"
3    package="org.example.theadnan"
4    android:versionCode="1"
5    android:versionName="1.0" >
6
7    <uses-sdk
8        android:minSdkVersion="21"
9        android:targetSdkVersion="34" />
10
11    <uses-permission android:name="android.permission.INTERNET" />
11-->src\main\AndroidManifest.xml:5:5-66
11-->src\main\AndroidManifest.xml:5:22-64
12
13    <permission
13-->[androidx.core:core:1.9.0] AndroidManifest.xml:22:5-24:47
14        android:name="org.example.theadnan.DYNAMIC_RECEIVER_NOT_EXPORTED_PERMISSION"
14-->[androidx.core:core:1.9.0] AndroidManifest.xml:23:9-81
15        android:protectionLevel="signature" />
15-->[androidx.core:core:1.9.0] AndroidManifest.xml:24:9-44
16
17    <uses-permission android:name="org.example.theadnan.DYNAMIC_RECEIVER_NOT_EXPORTED_PERMISSION" />
17-->[androidx.core:core:1.9.0] AndroidManifest.xml:26:5-97
17-->[androidx.core:core:1.9.0] AndroidManifest.xml:26:22-94
18
19    <application
19-->src\main\AndroidManifest.xml:7:5-33:19
20        android:allowBackup="true"
20-->src\main\AndroidManifest.xml:9:9-35
21        android:appComponentFactory="androidx.core.app.CoreComponentFactory"
21-->[androidx.core:core:1.9.0] AndroidManifest.xml:28:18-86
22        android:debuggable="true"
23        android:extractNativeLibs="true"
24        android:label="Gold Finance"
24-->src\main\AndroidManifest.xml:8:9-37
25        android:testOnly="true"
26        android:theme="@style/Theme.DesktopAppAndroid" >
26-->src\main\AndroidManifest.xml:10:9-55
27        <activity
27-->src\main\AndroidManifest.xml:12:9-19:20
28            android:name="org.example.theadnan.LoginActivity"
28-->src\main\AndroidManifest.xml:13:13-42
29            android:exported="true" >
29-->src\main\AndroidManifest.xml:14:13-36
30            <intent-filter>
30-->src\main\AndroidManifest.xml:15:13-18:29
31                <action android:name="android.intent.action.MAIN" />
31-->src\main\AndroidManifest.xml:16:17-68
31-->src\main\AndroidManifest.xml:16:25-66
32
33                <category android:name="android.intent.category.LAUNCHER" />
33-->src\main\AndroidManifest.xml:17:17-76
33-->src\main\AndroidManifest.xml:17:27-74
34            </intent-filter>
35        </activity>
36        <activity
36-->src\main\AndroidManifest.xml:21:9-78
37            android:name="org.example.theadnan.RegisterActivity"
37-->src\main\AndroidManifest.xml:21:19-51
38            android:exported="false" />
38-->src\main\AndroidManifest.xml:21:52-76
39        <activity
39-->src\main\AndroidManifest.xml:22:9-74
40            android:name="org.example.theadnan.MainActivity"
40-->src\main\AndroidManifest.xml:22:19-47
41            android:exported="false" />
41-->src\main\AndroidManifest.xml:22:48-72
42        <activity
42-->src\main\AndroidManifest.xml:23:9-79
43            android:name="org.example.theadnan.DashboardActivity"
43-->src\main\AndroidManifest.xml:23:19-52
44            android:exported="false" />
44-->src\main\AndroidManifest.xml:23:53-77
45        <activity
45-->src\main\AndroidManifest.xml:24:9-75
46            android:name="org.example.theadnan.NotesActivity"
46-->src\main\AndroidManifest.xml:24:19-48
47            android:exported="false" />
47-->src\main\AndroidManifest.xml:24:49-73
48        <activity
48-->src\main\AndroidManifest.xml:25:9-83
49            android:name="org.example.theadnan.MoneyRequestsActivity"
49-->src\main\AndroidManifest.xml:25:19-56
50            android:exported="false" />
50-->src\main\AndroidManifest.xml:25:57-81
51        <activity
51-->src\main\AndroidManifest.xml:26:9-77
52            android:name="org.example.theadnan.ReportsActivity"
52-->src\main\AndroidManifest.xml:26:19-50
53            android:exported="false" />
53-->src\main\AndroidManifest.xml:26:51-75
54        <activity
54-->src\main\AndroidManifest.xml:27:9-87
55            android:name="org.example.theadnan.CurrencyConverterActivity"
55-->src\main\AndroidManifest.xml:27:19-60
56            android:exported="false" />
56-->src\main\AndroidManifest.xml:27:61-85
57        <activity
57-->src\main\AndroidManifest.xml:28:9-77
58            android:name="org.example.theadnan.WeatherActivity"
58-->src\main\AndroidManifest.xml:28:19-50
59            android:exported="false" />
59-->src\main\AndroidManifest.xml:28:51-75
60        <activity
60-->src\main\AndroidManifest.xml:29:9-75
61            android:name="org.example.theadnan.AdminActivity"
61-->src\main\AndroidManifest.xml:29:19-48
62            android:exported="false" />
62-->src\main\AndroidManifest.xml:29:49-73
63        <activity
63-->src\main\AndroidManifest.xml:30:9-78
64            android:name="org.example.theadnan.MessagesActivity"
64-->src\main\AndroidManifest.xml:30:19-51
65            android:exported="false" />
65-->src\main\AndroidManifest.xml:30:52-76
66        <activity
66-->src\main\AndroidManifest.xml:31:9-80
67            android:name="org.example.theadnan.SearchUserActivity"
67-->src\main\AndroidManifest.xml:31:19-53
68            android:exported="false" />
68-->src\main\AndroidManifest.xml:31:54-78
69
70        <provider
70-->[androidx.emoji2:emoji2:1.2.0] AndroidManifest.xml:24:9-32:20
71            android:name="androidx.startup.InitializationProvider"
71-->[androidx.emoji2:emoji2:1.2.0] AndroidManifest.xml:25:13-67
72            android:authorities="org.example.theadnan.androidx-startup"
72-->[androidx.emoji2:emoji2:1.2.0] AndroidManifest.xml:26:13-68
73            android:exported="false" >
73-->[androidx.emoji2:emoji2:1.2.0] AndroidManifest.xml:27:13-37
74            <meta-data
74-->[androidx.emoji2:emoji2:1.2.0] AndroidManifest.xml:29:13-31:52
75                android:name="androidx.emoji2.text.EmojiCompatInitializer"
75-->[androidx.emoji2:emoji2:1.2.0] AndroidManifest.xml:30:17-75
76                android:value="androidx.startup" />
76-->[androidx.emoji2:emoji2:1.2.0] AndroidManifest.xml:31:17-49
77            <meta-data
77-->[androidx.lifecycle:lifecycle-process:2.4.1] AndroidManifest.xml:31:13-33:52
78                android:name="androidx.lifecycle.ProcessLifecycleInitializer"
78-->[androidx.lifecycle:lifecycle-process:2.4.1] AndroidManifest.xml:32:17-78
79                android:value="androidx.startup" />
79-->[androidx.lifecycle:lifecycle-process:2.4.1] AndroidManifest.xml:33:17-49
80        </provider>
81    </application>
82
83</manifest>